::1 - - [08/Nov/2021:14:48:19 +0000] "GET /api/ HTTP/1.1" 200 21
::1 - - [08/Nov/2021:14:48:22 +0000] "GET /api/posts HTTP/1.1" 201 1129
::1 - - [08/Nov/2021:14:52:42 +0000] "GET /api/posts HTTP/1.1" 201 1129
::1 - - [08/Nov/2021:14:52:45 +0000] "GET /api/posts HTTP/1.1" 201 1129
::1 - - [08/Nov/2021:14:56:47 +0000] "GET /api/posts HTTP/1.1" 201 1129
::1 - - [08/Nov/2021:14:57:12 +0000] "POST /api/images HTTP/1.1" 201 324
::1 - - [08/Nov/2021:14:57:29 +0000] "GET /api/images/image-1636383430305.png HTTP/1.1" 200 -
::1 - - [09/Nov/2021:09:50:51 +0000] "GET / HTTP/1.1" 404 139
::1 - - [09/Nov/2021:09:50:56 +0000] "GET /api HTTP/1.1" 200 21
::1 - - [09/Nov/2021:09:50:57 +0000] "GET /favicon.ico HTTP/1.1" 404 150
::1 - - [09/Nov/2021:09:51:02 +0000] "GET /api/posts HTTP/1.1" 201 1129
::1 - - [09/Nov/2021:09:51:10 +0000] "GET /api/images/ HTTP/1.1" 404 150
::1 - - [09/Nov/2021:09:52:07 +0000] "GET /api/images/image-1636383430305.png HTTP/1.1" 200 -
::1 - - [09/Nov/2021:22:52:30 +0000] "GET /api/posts HTTP/1.1" 201 1129
::1 - - [09/Nov/2021:22:56:08 +0000] "GET /api/posts HTTP/1.1" 201 1129
::1 - - [09/Nov/2021:23:05:51 +0000] "GET /api/posts HTTP/1.1" 201 1129
::1 - - [09/Nov/2021:23:08:44 +0000] "GET /api/posts HTTP/1.1" 201 1129
::1 - - [09/Nov/2021:23:21:24 +0000] "GET /api/posts HTTP/1.1" 201 981
::1 - - [09/Nov/2021:23:21:25 +0000] "GET /api/images/image-1635977906995.png HTTP/1.1" 200 -
::1 - - [09/Nov/2021:23:21:25 +0000] "GET /api/images/image-1635979477919.png HTTP/1.1" 200 -
::1 - - [09/Nov/2021:23:24:16 +0000] "GET /api/posts HTTP/1.1" 201 1002
::1 - - [09/Nov/2021:23:24:17 +0000] "GET /api/images/image-1635977906995.png HTTP/1.1" 200 -
::1 - - [09/Nov/2021:23:24:17 +0000] "GET /api/images/image-1636156521425.jpg HTTP/1.1" 200 -
::1 - - [09/Nov/2021:23:31:48 +0000] "POST /api/images HTTP/1.1" 201 307
::1 - - [09/Nov/2021:23:31:49 +0000] "POST /api/posts HTTP/1.1" 500 4530
::1 - - [09/Nov/2021:23:33:31 +0000] "GET /api/posts HTTP/1.1" 201 1002
::1 - - [09/Nov/2021:23:33:32 +0000] "GET /api/images/image-1635977906995.png HTTP/1.1" 200 -
::1 - - [09/Nov/2021:23:33:32 +0000] "GET /api/images/image-1636156521425.jpg HTTP/1.1" 200 -
::1 - - [09/Nov/2021:23:36:16 +0000] "POST /api/images HTTP/1.1" 201 307
::1 - - [09/Nov/2021:23:36:16 +0000] "POST /api/posts HTTP/1.1" 500 4530
::1 - - [09/Nov/2021:23:37:35 +0000] "POST /api/posts HTTP/1.1" 201 130
::1 - - [09/Nov/2021:23:37:54 +0000] "POST /api/posts HTTP/1.1" 201 125
::1 - - [09/Nov/2021:23:40:11 +0000] "GET /api/posts HTTP/1.1" 201 1259
::1 - - [09/Nov/2021:23:40:12 +0000] "GET /api/images/image-1635977906995.png HTTP/1.1" 200 -
::1 - - [09/Nov/2021:23:40:12 +0000] "GET /api/images/image-1636156521425.jpg HTTP/1.1" 200 -
::1 - - [09/Nov/2021:23:40:44 +0000] "POST /api/images HTTP/1.1" 201 307
::1 - - [09/Nov/2021:23:40:44 +0000] "POST /api/posts HTTP/1.1" 500 4530
::1 - - [09/Nov/2021:23:43:45 +0000] "POST /api/posts HTTP/1.1" 201 125
::1 - - [09/Nov/2021:23:44:53 +0000] "GET /api/posts HTTP/1.1" 201 1385
::1 - - [09/Nov/2021:23:44:54 +0000] "GET /api/images/image-1635977906995.png HTTP/1.1" 200 -
::1 - - [09/Nov/2021:23:44:54 +0000] "GET /api/images/image-1636156521425.jpg HTTP/1.1" 200 -
::1 - - [09/Nov/2021:23:45:43 +0000] "POST /api/images HTTP/1.1" 201 307
::1 - - [09/Nov/2021:23:46:06 +0000] "POST /api/posts HTTP/1.1" 201 134
::1 - - [09/Nov/2021:23:46:06 +0000] "POST /api/images HTTP/1.1" 201 307
::1 - - [09/Nov/2021:23:47:34 +0000] "GET /api/posts HTTP/1.1" 201 1520
::1 - - [09/Nov/2021:23:47:35 +0000] "GET /api/images/image-1635977906995.png HTTP/1.1" 200 -
::1 - - [09/Nov/2021:23:47:35 +0000] "GET /api/images/image-1636156521425.jpg HTTP/1.1" 200 -
::1 - - [09/Nov/2021:23:48:59 +0000] "GET /api/posts HTTP/1.1" 201 1520
::1 - - [09/Nov/2021:23:48:59 +0000] "GET /api/images/image-1635977906995.png HTTP/1.1" 200 -
::1 - - [09/Nov/2021:23:48:59 +0000] "GET /api/images/image-1636156521425.jpg HTTP/1.1" 200 -
::1 - - [09/Nov/2021:23:50:01 +0000] "GET /api/posts HTTP/1.1" 201 1520
::1 - - [09/Nov/2021:23:50:02 +0000] "GET /api/images/image-1635977906995.png HTTP/1.1" 200 -
::1 - - [09/Nov/2021:23:50:02 +0000] "GET /api/images/image-1636156521425.jpg HTTP/1.1" 200 -
::1 - - [09/Nov/2021:23:50:40 +0000] "GET /api/posts HTTP/1.1" 201 1520
::1 - - [09/Nov/2021:23:51:00 +0000] "GET /api/posts HTTP/1.1" 201 1520
::1 - - [09/Nov/2021:23:52:08 +0000] "GET /api/posts HTTP/1.1" 201 1520
::1 - - [09/Nov/2021:23:52:17 +0000] "GET /api/posts HTTP/1.1" 201 1520
::1 - - [09/Nov/2021:23:52:46 +0000] "POST /api/posts HTTP/1.1" 201 124
::1 - - [09/Nov/2021:23:52:47 +0000] "POST /api/images HTTP/1.1" 201 307
::1 - - [09/Nov/2021:23:53:35 +0000] "POST /api/posts HTTP/1.1" 201 124
::1 - - [09/Nov/2021:23:53:45 +0000] "GET /api/posts HTTP/1.1" 201 1770
::1 - - [09/Nov/2021:23:53:46 +0000] "GET /api/images/image-1635977906995.png HTTP/1.1" 200 -
::1 - - [09/Nov/2021:23:53:46 +0000] "GET /api/images/image-1636156521425.jpg HTTP/1.1" 200 -
::1 - - [09/Nov/2021:23:54:54 +0000] "GET /api/posts HTTP/1.1" 201 1770
::1 - - [09/Nov/2021:23:54:55 +0000] "GET /api/images/image-1635977906995.png HTTP/1.1" 200 -
::1 - - [09/Nov/2021:23:54:55 +0000] "GET /api/images/image-1636156521425.jpg HTTP/1.1" 200 -
::1 - - [09/Nov/2021:23:55:13 +0000] "POST /api/images HTTP/1.1" 201 307
::1 - - [09/Nov/2021:23:55:13 +0000] "POST /api/posts HTTP/1.1" 500 4530
::1 - - [09/Nov/2021:23:58:25 +0000] "GET /api/posts HTTP/1.1" 201 1770
::1 - - [09/Nov/2021:23:58:26 +0000] "GET /api/images/image-1635977906995.png HTTP/1.1" 200 -
::1 - - [09/Nov/2021:23:58:26 +0000] "GET /api/images/image-1636156521425.jpg HTTP/1.1" 200 -
::1 - - [09/Nov/2021:23:58:43 +0000] "POST /api/images HTTP/1.1" 201 307
::1 - - [09/Nov/2021:23:58:44 +0000] "POST /api/posts HTTP/1.1" 201 145
::1 - - [09/Nov/2021:23:59:05 +0000] "GET /api/posts HTTP/1.1" 201 1916
::1 - - [09/Nov/2021:23:59:06 +0000] "GET /api/images/image-1635977906995.png HTTP/1.1" 200 -
::1 - - [09/Nov/2021:23:59:06 +0000] "GET /api/images/image-1636502323165.png HTTP/1.1" 200 -
::1 - - [09/Nov/2021:23:59:06 +0000] "GET /api/images/image-1636156521425.jpg HTTP/1.1" 200 -
::1 - - [09/Nov/2021:23:59:59 +0000] "POST /api/images HTTP/1.1" 201 302
::1 - - [09/Nov/2021:23:59:59 +0000] "POST /api/posts HTTP/1.1" 201 152
::1 - - [10/Nov/2021:00:00:19 +0000] "GET /api/posts HTTP/1.1" 201 2069
::1 - - [10/Nov/2021:00:00:21 +0000] "GET /api/images/image-1635977906995.png HTTP/1.1" 200 -
::1 - - [10/Nov/2021:00:00:21 +0000] "GET /api/images/image-1636502323165.png HTTP/1.1" 200 -
::1 - - [10/Nov/2021:00:00:21 +0000] "GET /api/images/image-1636502398927.jpg HTTP/1.1" 200 -
::1 - - [10/Nov/2021:00:00:21 +0000] "GET /api/images/image-1636156521425.jpg HTTP/1.1" 200 -
::1 - - [10/Nov/2021:00:51:32 +0000] "GET /api/posts HTTP/1.1" 201 2069
::1 - - [10/Nov/2021:00:51:35 +0000] "GET /api/images/image-1636502398927.jpg HTTP/1.1" 200 -
::1 - - [10/Nov/2021:00:51:35 +0000] "GET /api/images/image-1635977906995.png HTTP/1.1" 200 -
::1 - - [10/Nov/2021:00:51:35 +0000] "GET /api/images/image-1636502323165.png HTTP/1.1" 200 -
::1 - - [10/Nov/2021:00:51:35 +0000] "GET /api/images/image-1636156521425.jpg HTTP/1.1" 200 -
::1 - - [10/Nov/2021:00:52:48 +0000] "POST /api/images HTTP/1.1" 201 332
::1 - - [10/Nov/2021:00:52:48 +0000] "POST /api/posts HTTP/1.1" 201 163
::1 - - [10/Nov/2021:00:52:49 +0000] "GET /api/posts HTTP/1.1" 201 2233
::1 - - [10/Nov/2021:00:52:50 +0000] "GET /api/images/image-1636505567168.jpg HTTP/1.1" 200 -
